<?xml version="1.0" encoding="UTF-8"?>
<!-- Generated by org.testng.reporters.JUnitReportReporter -->
<testsuite hostname="Dawoods-MBP" failures="0" tests="1" name="RestAssuredJsonTest.DLG_GET_Request" time="5.900" errors="0" timestamp="2020-02-07T23:54:00 GMT" skipped="0">
  <testcase classname="RestAssuredJsonTest.DLG_GET_Request" name="getJsonApiData" time="5.900"/>
  <system-out/>
</testsuite> <!-- RestAssuredJsonTest.DLG_GET_Request -->
