<?xml version="1.0" encoding="UTF-8"?>
<!-- Generated by org.testng.reporters.JUnitReportReporter -->
<testsuite hostname="Dawoods-MBP" failures="0" tests="1" name="RestAssuredJsonTest.DLG_PUT_Request" time="3.425" errors="0" timestamp="2020-02-09T21:51:35 GMT" skipped="0">
  <testcase classname="RestAssuredJsonTest.DLG_PUT_Request" name="putData" time="3.425"/>
  <system-out/>
</testsuite> <!-- RestAssuredJsonTest.DLG_PUT_Request -->
