<?xml version="1.0" encoding="UTF-8"?>
<!-- Generated by org.testng.reporters.JUnitReportReporter -->
<testsuite hostname="Dawoods-MBP" failures="0" tests="1" name="RestAssuredJsonTest.DLG_Search_User_By_Email" time="5.662" errors="0" timestamp="2020-02-09T23:11:49 GMT" skipped="0">
  <testcase classname="RestAssuredJsonTest.DLG_Search_User_By_Email" name="getJsonApiData" time="5.662"/>
  <system-out/>
</testsuite> <!-- RestAssuredJsonTest.DLG_Search_User_By_Email -->
