<?xml version="1.0" encoding="UTF-8"?>
<!-- Generated by org.testng.reporters.JUnitReportReporter -->
<testsuite hostname="Dawoods-MBP" failures="0" tests="1" name="RestAssuredJsonTest.DLG_POST_Request" time="6.971" errors="0" timestamp="2020-02-09T17:14:35 GMT" skipped="0">
  <testcase classname="RestAssuredJsonTest.DLG_POST_Request" name="testSerialization" time="6.971"/>
  <system-out/>
</testsuite> <!-- RestAssuredJsonTest.DLG_POST_Request -->
