<?xml version="1.0" encoding="UTF-8"?>
<!-- Generated by org.testng.reporters.JUnitReportReporter -->
<testsuite hostname="Dawoods-MBP" failures="0" tests="1" name="RestAssuredJsonTest.DLG_POST_Request3" time="3.640" errors="0" timestamp="2020-02-09T20:57:48 GMT" skipped="0">
  <testcase classname="RestAssuredJsonTest.DLG_POST_Request3" name="testpost" time="3.640"/>
  <system-out/>
</testsuite> <!-- RestAssuredJsonTest.DLG_POST_Request3 -->
