<?xml version="1.0" encoding="UTF-8"?>
<!-- Generated by org.testng.reporters.JUnitReportReporter -->
<testsuite hostname="Dawoods-MBP" failures="0" tests="1" name="RestAssuredJsonTest.DLG_GetRequest" time="5.254" errors="0" timestamp="2020-02-07T16:32:42 GMT" skipped="0">
  <testcase classname="RestAssuredJsonTest.DLG_GetRequest" name="getJsonApiData" time="5.254"/>
  <system-out/>
</testsuite> <!-- RestAssuredJsonTest.DLG_GetRequest -->
